GOTEMPLATE_NO_STDIN=true \
	/Users/dvaseeka/Documents/adobe/pipeline-services/koperator/bin/gotemplate run \
		--follow-symlinks \
		--import="/Users/dvaseeka/Documents/adobe/pipeline-services/koperator/hack/boilerplate/vars.yml" \
		--source="/Users/dvaseeka/Documents/adobe/pipeline-services/koperator/hack/boilerplate"
cd api && /Users/dvaseeka/Documents/adobe/pipeline-services/koperator/bin/controller-gen object:headerFile=/Users/dvaseeka/Documents/adobe/pipeline-services/koperator/hack/boilerplate/header.go.generated.txt paths="./..."
Running generate in third_party/github.com/banzaicloud/operator-tools...
cd third_party/github.com/banzaicloud/operator-tools && \
	/Users/dvaseeka/Documents/adobe/pipeline-services/koperator/bin/controller-gen object:headerFile=./hack/boilerplate.go.txt paths=./pkg/secret/... && \
	/Users/dvaseeka/Documents/adobe/pipeline-services/koperator/bin/controller-gen object:headerFile=./hack/boilerplate.go.txt paths=./pkg/volume/... && \
	/Users/dvaseeka/Documents/adobe/pipeline-services/koperator/bin/controller-gen object:headerFile=./hack/boilerplate.go.txt paths=./pkg/prometheus/... && \
	/Users/dvaseeka/Documents/adobe/pipeline-services/koperator/bin/controller-gen object:headerFile=./hack/boilerplate.go.txt paths=./pkg/types/... && \
	/Users/dvaseeka/Documents/adobe/pipeline-services/koperator/bin/controller-gen object:headerFile=./hack/boilerplate.go.txt paths=./pkg/typeoverride/... && \
	/Users/dvaseeka/Documents/adobe/pipeline-services/koperator/bin/controller-gen object:headerFile=./hack/boilerplate.go.txt paths=./pkg/helm/...
Generating type documentation for operator-tools...
cd third_party/github.com/banzaicloud/operator-tools && go run cmd/docs.go
go fmt ./...
cd api && go fmt ./...
cd properties && go fmt ./...
cd tests/e2e && go fmt ./...
Running fmt in third_party/github.com/banzaicloud/k8s-objectmatcher...
cd third_party/github.com/banzaicloud/k8s-objectmatcher && go fmt ./...
Running fmt in third_party/github.com/banzaicloud/go-cruise-control...
cd third_party/github.com/banzaicloud/go-cruise-control && go fmt ./...
go vet ./...
cd api && go fmt ./...
cd properties && go vet ./...
cd tests/e2e && go vet ./...
Running vet in third_party/github.com/banzaicloud/k8s-objectmatcher...
cd third_party/github.com/banzaicloud/k8s-objectmatcher && go vet ./...
Running vet in third_party/github.com/banzaicloud/go-cruise-control...
cd third_party/github.com/banzaicloud/go-cruise-control && go vet ./...
go run ./main.go
